<?xml version="1.0" encoding="UTF-8"?>
<!-- Generated by org.testng.reporters.JUnitReportReporter -->
<testsuite skipped="0" hostname="Dell-PC" name="com.cjc.mt.test.AllTest" tests="4" failures="0" timestamp="2021-04-22T18:02:19 IST" time="28.626" errors="0">
  <testcase name="log4j" time="0.075" classname="com.cjc.mt.test.AllTest"/>
  <system-out/>
  <testcase name="Browser" time="9.347" classname="com.cjc.mt.test.AllTest"/>
  <system-out/>
  <testcase name="Registertest" time="15.605" classname="com.cjc.mt.test.AllTest"/>
  <system-out/>
  <testcase name="LoginTest" time="3.599" classname="com.cjc.mt.test.AllTest"/>
  <system-out/>
</testsuite> <!-- com.cjc.mt.test.AllTest -->
