<?xml version="1.0" encoding="UTF-8"?>
<!-- Generated by org.testng.reporters.JUnitReportReporter -->
<testsuite skipped="0" hostname="Dell-PC" name="com.cjc.mt.test.LoginTest" tests="2" failures="0" timestamp="2021-04-21T23:43:29 IST" time="26.692" errors="0">
  <testcase name="Browser" time="11.213" classname="com.cjc.mt.test.LoginTest"/>
  <system-out/>
  <testcase name="Registertest" time="15.479" classname="com.cjc.mt.test.LoginTest"/>
  <system-out/>
</testsuite> <!-- com.cjc.mt.test.LoginTest -->
