<?xml version="1.0" encoding="UTF-8"?>
<!-- Generated by org.testng.reporters.JUnitReportReporter -->
<testsuite skipped="0" hostname="Dell-PC" name="com.cjc.mt.test.LoginTest" tests="2" failures="0" timestamp="2021-04-21T23:35:34 IST" time="27.140" errors="0">
  <testcase name="Browser" time="8.805" classname="com.cjc.mt.test.LoginTest"/>
  <system-out/>
  <testcase name="Registertest" time="18.335" classname="com.cjc.mt.test.LoginTest"/>
  <system-out/>
</testsuite> <!-- com.cjc.mt.test.LoginTest -->
