<?xml version="1.0" encoding="UTF-8"?>
<!-- Generated by org.testng.reporters.JUnitReportReporter -->
<testsuite skipped="0" hostname="Dell-PC" name="com.cjc.mt.test.LoginTest" tests="3" failures="0" timestamp="2021-04-22T17:15:13 IST" time="25.288" errors="0">
  <testcase name="log4j" time="0.027" classname="com.cjc.mt.test.LoginTest"/>
  <system-out/>
  <testcase name="Browser" time="13.912" classname="com.cjc.mt.test.LoginTest"/>
  <system-out/>
  <testcase name="Registertest" time="11.349" classname="com.cjc.mt.test.LoginTest"/>
  <system-out/>
</testsuite> <!-- com.cjc.mt.test.LoginTest -->
