<?xml version="1.0" encoding="UTF-8"?>
<!-- Generated by org.testng.reporters.JUnitReportReporter -->
<testsuite skipped="0" hostname="Dell-PC" name="com.cjc.mt.test.LoginTest" tests="2" failures="0" timestamp="2021-04-21T22:06:01 IST" time="44.628" errors="0">
  <testcase name="Browser" time="9.783" classname="com.cjc.mt.test.LoginTest"/>
  <system-out/>
  <testcase name="Registertest" time="34.845" classname="com.cjc.mt.test.LoginTest"/>
  <system-out/>
</testsuite> <!-- com.cjc.mt.test.LoginTest -->
